<?xml version="1.0" encoding="UTF-8"?>
<!-- Generated by org.testng.reporters.JUnitReportReporter -->
<testsuite skipped="0" hostname="DESKTOP-UBO98JE" name="com.seleniumautomation.com.seleniumautomation.Surpass_test" tests="2" failures="0" timestamp="18 Oct 2019 08:27:04 GMT" time="15.974" errors="1">
  <testcase name="verifyItemsearch" time="0.035" classname="com.seleniumautomation.com.seleniumautomation.Surpass_test">
    <error type="java.lang.NullPointerException">
      <![CDATA[java.lang.NullPointerException
at com.page.LoginPage.Login(LoginPage.java:15)
at com.seleniumautomation.com.seleniumautomation.Surpass_test.verifyItemsearch(Surpass_test.java:17)
at sun.reflect.NativeMethodAccessorImpl.invoke0(Native Method)
at sun.reflect.NativeMethodAccessorImpl.invoke(NativeMethodAccessorImpl.java:62)
at sun.reflect.DelegatingMethodAccessorImpl.invoke(DelegatingMethodAccessorImpl.java:43)
at java.lang.reflect.Method.invoke(Method.java:498)
at org.testng.internal.MethodInvocationHelper.invokeMethod(MethodInvocationHelper.java:124)
at org.testng.internal.Invoker.invokeMethod(Invoker.java:583)
at org.testng.internal.Invoker.invokeTestMethod(Invoker.java:719)
at org.testng.internal.Invoker.invokeTestMethods(Invoker.java:989)
at org.testng.internal.TestMethodWorker.invokeTestMethods(TestMethodWorker.java:125)
at org.testng.internal.TestMethodWorker.run(TestMethodWorker.java:109)
at java.util.concurrent.ThreadPoolExecutor.runWorker(ThreadPoolExecutor.java:1142)
at java.util.concurrent.ThreadPoolExecutor$Worker.run(ThreadPoolExecutor.java:617)
at java.lang.Thread.run(Thread.java:745)
]]>
    </error>
  </testcase> <!-- verifyItemsearch -->
  <testcase name="verifyItemsearch" time="15.939" classname="com.seleniumautomation.com.seleniumautomation.Surpass_test"/>
</testsuite> <!-- com.seleniumautomation.com.seleniumautomation.Surpass_test -->
