<?xml version="1.0" encoding="UTF-8"?>
<!-- Generated by org.testng.reporters.JUnitReportReporter -->
<testsuite skipped="0" hostname="DESKTOP-UBO98JE" name="com.qa.Test.Scenaro_test" tests="1" failures="0" timestamp="18 Oct 2019 11:18:51 GMT" time="30.008" errors="0">
  <testcase name="verifyItemsearch" time="30.008" classname="com.qa.Test.Scenaro_test"/>
</testsuite> <!-- com.qa.Test.Scenaro_test -->
